2024-01-18 12:41:43,391:WARNING:
'cuml' is a soft dependency and not included in the pycaret installation. Please run: `pip install cuml` to install.
2024-01-18 12:41:43,391:WARNING:
'cuml' is a soft dependency and not included in the pycaret installation. Please run: `pip install cuml` to install.
2024-01-18 12:41:43,391:WARNING:
'cuml' is a soft dependency and not included in the pycaret installation. Please run: `pip install cuml` to install.
2024-01-18 12:41:43,391:WARNING:
'cuml' is a soft dependency and not included in the pycaret installation. Please run: `pip install cuml` to install.
2024-01-18 12:41:48,545:WARNING:
'prophet' is a soft dependency and not included in the pycaret installation. Please run: `pip install prophet` to install.
2024-01-18 12:44:42,249:WARNING:
'cuml' is a soft dependency and not included in the pycaret installation. Please run: `pip install cuml` to install.
2024-01-18 12:44:42,249:WARNING:
'cuml' is a soft dependency and not included in the pycaret installation. Please run: `pip install cuml` to install.
2024-01-18 12:44:42,249:WARNING:
'cuml' is a soft dependency and not included in the pycaret installation. Please run: `pip install cuml` to install.
2024-01-18 12:44:42,249:WARNING:
'cuml' is a soft dependency and not included in the pycaret installation. Please run: `pip install cuml` to install.
2024-01-18 12:44:42,439:WARNING:
'prophet' is a soft dependency and not included in the pycaret installation. Please run: `pip install prophet` to install.
2024-01-18 12:45:22,981:WARNING:
'cuml' is a soft dependency and not included in the pycaret installation. Please run: `pip install cuml` to install.
2024-01-18 12:45:22,981:WARNING:
'cuml' is a soft dependency and not included in the pycaret installation. Please run: `pip install cuml` to install.
2024-01-18 12:45:22,981:WARNING:
'cuml' is a soft dependency and not included in the pycaret installation. Please run: `pip install cuml` to install.
2024-01-18 12:45:22,981:WARNING:
'cuml' is a soft dependency and not included in the pycaret installation. Please run: `pip install cuml` to install.
2024-01-18 12:45:23,171:WARNING:
'prophet' is a soft dependency and not included in the pycaret installation. Please run: `pip install prophet` to install.
2024-01-18 12:46:50,835:WARNING:
'cuml' is a soft dependency and not included in the pycaret installation. Please run: `pip install cuml` to install.
2024-01-18 12:46:50,835:WARNING:
'cuml' is a soft dependency and not included in the pycaret installation. Please run: `pip install cuml` to install.
2024-01-18 12:46:50,835:WARNING:
'cuml' is a soft dependency and not included in the pycaret installation. Please run: `pip install cuml` to install.
2024-01-18 12:46:50,835:WARNING:
'cuml' is a soft dependency and not included in the pycaret installation. Please run: `pip install cuml` to install.
2024-01-18 12:46:51,067:WARNING:
'prophet' is a soft dependency and not included in the pycaret installation. Please run: `pip install prophet` to install.
2024-01-18 12:50:36,082:WARNING:
'cuml' is a soft dependency and not included in the pycaret installation. Please run: `pip install cuml` to install.
2024-01-18 12:50:36,082:WARNING:
'cuml' is a soft dependency and not included in the pycaret installation. Please run: `pip install cuml` to install.
2024-01-18 12:50:36,082:WARNING:
'cuml' is a soft dependency and not included in the pycaret installation. Please run: `pip install cuml` to install.
2024-01-18 12:50:36,082:WARNING:
'cuml' is a soft dependency and not included in the pycaret installation. Please run: `pip install cuml` to install.
2024-01-18 12:50:36,314:WARNING:
'prophet' is a soft dependency and not included in the pycaret installation. Please run: `pip install prophet` to install.
2024-01-18 19:29:03,583:WARNING:
'cuml' is a soft dependency and not included in the pycaret installation. Please run: `pip install cuml` to install.
2024-01-18 19:29:03,584:WARNING:
'cuml' is a soft dependency and not included in the pycaret installation. Please run: `pip install cuml` to install.
2024-01-18 19:29:03,584:WARNING:
'cuml' is a soft dependency and not included in the pycaret installation. Please run: `pip install cuml` to install.
2024-01-18 19:29:03,584:WARNING:
'cuml' is a soft dependency and not included in the pycaret installation. Please run: `pip install cuml` to install.
2024-01-18 19:29:04,321:WARNING:
'prophet' is a soft dependency and not included in the pycaret installation. Please run: `pip install prophet` to install.
2024-01-18 19:36:25,991:WARNING:
'cuml' is a soft dependency and not included in the pycaret installation. Please run: `pip install cuml` to install.
2024-01-18 19:36:25,991:WARNING:
'cuml' is a soft dependency and not included in the pycaret installation. Please run: `pip install cuml` to install.
2024-01-18 19:36:25,991:WARNING:
'cuml' is a soft dependency and not included in the pycaret installation. Please run: `pip install cuml` to install.
2024-01-18 19:36:25,991:WARNING:
'cuml' is a soft dependency and not included in the pycaret installation. Please run: `pip install cuml` to install.
2024-01-18 19:36:26,232:WARNING:
'prophet' is a soft dependency and not included in the pycaret installation. Please run: `pip install prophet` to install.
2024-01-18 19:36:48,819:WARNING:
'cuml' is a soft dependency and not included in the pycaret installation. Please run: `pip install cuml` to install.
2024-01-18 19:36:48,819:WARNING:
'cuml' is a soft dependency and not included in the pycaret installation. Please run: `pip install cuml` to install.
2024-01-18 19:36:48,819:WARNING:
'cuml' is a soft dependency and not included in the pycaret installation. Please run: `pip install cuml` to install.
2024-01-18 19:36:48,819:WARNING:
'cuml' is a soft dependency and not included in the pycaret installation. Please run: `pip install cuml` to install.
2024-01-18 19:36:49,058:WARNING:
'prophet' is a soft dependency and not included in the pycaret installation. Please run: `pip install prophet` to install.
2024-01-18 19:39:24,298:WARNING:
'cuml' is a soft dependency and not included in the pycaret installation. Please run: `pip install cuml` to install.
2024-01-18 19:39:24,298:WARNING:
'cuml' is a soft dependency and not included in the pycaret installation. Please run: `pip install cuml` to install.
2024-01-18 19:39:24,298:WARNING:
'cuml' is a soft dependency and not included in the pycaret installation. Please run: `pip install cuml` to install.
2024-01-18 19:39:24,298:WARNING:
'cuml' is a soft dependency and not included in the pycaret installation. Please run: `pip install cuml` to install.
2024-01-18 19:39:24,538:WARNING:
'prophet' is a soft dependency and not included in the pycaret installation. Please run: `pip install prophet` to install.
2024-01-18 21:32:59,109:WARNING:
'cuml' is a soft dependency and not included in the pycaret installation. Please run: `pip install cuml` to install.
2024-01-18 21:32:59,110:WARNING:
'cuml' is a soft dependency and not included in the pycaret installation. Please run: `pip install cuml` to install.
2024-01-18 21:32:59,110:WARNING:
'cuml' is a soft dependency and not included in the pycaret installation. Please run: `pip install cuml` to install.
2024-01-18 21:32:59,110:WARNING:
'cuml' is a soft dependency and not included in the pycaret installation. Please run: `pip install cuml` to install.
2024-01-18 21:32:59,393:WARNING:
'prophet' is a soft dependency and not included in the pycaret installation. Please run: `pip install prophet` to install.
2024-01-18 21:33:31,234:WARNING:
'cuml' is a soft dependency and not included in the pycaret installation. Please run: `pip install cuml` to install.
2024-01-18 21:33:31,235:WARNING:
'cuml' is a soft dependency and not included in the pycaret installation. Please run: `pip install cuml` to install.
2024-01-18 21:33:31,235:WARNING:
'cuml' is a soft dependency and not included in the pycaret installation. Please run: `pip install cuml` to install.
2024-01-18 21:33:31,235:WARNING:
'cuml' is a soft dependency and not included in the pycaret installation. Please run: `pip install cuml` to install.
2024-01-18 21:33:31,503:WARNING:
'prophet' is a soft dependency and not included in the pycaret installation. Please run: `pip install prophet` to install.
2024-01-18 21:35:47,843:INFO:Initializing load_model()
2024-01-18 21:35:47,844:INFO:load_model(model_name=/Users/chiya/Downloads/Underwater-Waste-Detection-Using-YoloV8-And-Water-Quality-Assessment-main/models/Water_Potability/xgboost_without_source_month.pkl, platform=None, authentication=None, verbose=True)
2024-01-18 21:36:02,102:INFO:Initializing load_model()
2024-01-18 21:36:02,102:INFO:load_model(model_name=/Users/chiya/Downloads/Underwater-Waste-Detection-Using-YoloV8-And-Water-Quality-Assessment-main/models/Water_Potability/xgboost_without_source_month.pkl, platform=None, authentication=None, verbose=True)
2024-01-18 21:41:52,366:WARNING:
'cuml' is a soft dependency and not included in the pycaret installation. Please run: `pip install cuml` to install.
2024-01-18 21:41:52,366:WARNING:
'cuml' is a soft dependency and not included in the pycaret installation. Please run: `pip install cuml` to install.
2024-01-18 21:41:52,366:WARNING:
'cuml' is a soft dependency and not included in the pycaret installation. Please run: `pip install cuml` to install.
2024-01-18 21:41:52,366:WARNING:
'cuml' is a soft dependency and not included in the pycaret installation. Please run: `pip install cuml` to install.
2024-01-18 21:41:52,679:WARNING:
'prophet' is a soft dependency and not included in the pycaret installation. Please run: `pip install prophet` to install.
2024-01-18 21:42:50,163:WARNING:
'cuml' is a soft dependency and not included in the pycaret installation. Please run: `pip install cuml` to install.
2024-01-18 21:42:50,163:WARNING:
'cuml' is a soft dependency and not included in the pycaret installation. Please run: `pip install cuml` to install.
2024-01-18 21:42:50,163:WARNING:
'cuml' is a soft dependency and not included in the pycaret installation. Please run: `pip install cuml` to install.
2024-01-18 21:42:50,163:WARNING:
'cuml' is a soft dependency and not included in the pycaret installation. Please run: `pip install cuml` to install.
2024-01-18 21:42:50,340:WARNING:
'prophet' is a soft dependency and not included in the pycaret installation. Please run: `pip install prophet` to install.
2024-01-18 21:43:01,826:WARNING:
'cuml' is a soft dependency and not included in the pycaret installation. Please run: `pip install cuml` to install.
2024-01-18 21:43:01,826:WARNING:
'cuml' is a soft dependency and not included in the pycaret installation. Please run: `pip install cuml` to install.
2024-01-18 21:43:01,826:WARNING:
'cuml' is a soft dependency and not included in the pycaret installation. Please run: `pip install cuml` to install.
2024-01-18 21:43:01,826:WARNING:
'cuml' is a soft dependency and not included in the pycaret installation. Please run: `pip install cuml` to install.
2024-01-18 21:43:02,080:WARNING:
'prophet' is a soft dependency and not included in the pycaret installation. Please run: `pip install prophet` to install.
2024-01-18 21:43:41,290:WARNING:
'cuml' is a soft dependency and not included in the pycaret installation. Please run: `pip install cuml` to install.
2024-01-18 21:43:41,290:WARNING:
'cuml' is a soft dependency and not included in the pycaret installation. Please run: `pip install cuml` to install.
2024-01-18 21:43:41,290:WARNING:
'cuml' is a soft dependency and not included in the pycaret installation. Please run: `pip install cuml` to install.
2024-01-18 21:43:41,290:WARNING:
'cuml' is a soft dependency and not included in the pycaret installation. Please run: `pip install cuml` to install.
2024-01-18 21:43:41,532:WARNING:
'prophet' is a soft dependency and not included in the pycaret installation. Please run: `pip install prophet` to install.
2024-01-18 21:43:57,581:INFO:Initializing load_model()
2024-01-18 21:43:57,582:INFO:load_model(model_name=/Users/chiya/Downloads/Underwater-Waste-Detection-Using-YoloV8-And-Water-Quality-Assessment-main/models/Water_Potability/xgboost_without_source_month.pkl, platform=None, authentication=None, verbose=True)
2024-01-18 21:44:07,114:INFO:Initializing load_model()
2024-01-18 21:44:07,114:INFO:load_model(model_name=/Users/chiya/Downloads/Underwater-Waste-Detection-Using-YoloV8-And-Water-Quality-Assessment-main/models/Water_Potability/xgboost_without_source_month.pkl, platform=None, authentication=None, verbose=True)
2024-01-18 21:48:06,864:WARNING:
'cuml' is a soft dependency and not included in the pycaret installation. Please run: `pip install cuml` to install.
2024-01-18 21:48:06,864:WARNING:
'cuml' is a soft dependency and not included in the pycaret installation. Please run: `pip install cuml` to install.
2024-01-18 21:48:06,865:WARNING:
'cuml' is a soft dependency and not included in the pycaret installation. Please run: `pip install cuml` to install.
2024-01-18 21:48:06,865:WARNING:
'cuml' is a soft dependency and not included in the pycaret installation. Please run: `pip install cuml` to install.
2024-01-18 21:48:07,068:WARNING:
'prophet' is a soft dependency and not included in the pycaret installation. Please run: `pip install prophet` to install.
2024-01-18 21:48:19,830:WARNING:
'cuml' is a soft dependency and not included in the pycaret installation. Please run: `pip install cuml` to install.
2024-01-18 21:48:19,830:WARNING:
'cuml' is a soft dependency and not included in the pycaret installation. Please run: `pip install cuml` to install.
2024-01-18 21:48:19,830:WARNING:
'cuml' is a soft dependency and not included in the pycaret installation. Please run: `pip install cuml` to install.
2024-01-18 21:48:19,830:WARNING:
'cuml' is a soft dependency and not included in the pycaret installation. Please run: `pip install cuml` to install.
2024-01-18 21:48:20,105:WARNING:
'prophet' is a soft dependency and not included in the pycaret installation. Please run: `pip install prophet` to install.
2024-01-18 21:48:26,707:INFO:Initializing load_model()
2024-01-18 21:48:26,707:INFO:load_model(model_name=/Users/chiya/Downloads/Underwater-Waste-Detection-Using-YoloV8-And-Water-Quality-Assessment-main/models/Water_Potability/xgboost_without_source_month.pkl, platform=None, authentication=None, verbose=True)
2024-01-18 21:48:30,660:INFO:Initializing load_model()
2024-01-18 21:48:30,660:INFO:load_model(model_name=/Users/chiya/Downloads/Underwater-Waste-Detection-Using-YoloV8-And-Water-Quality-Assessment-main/models/Water_Potability/xgboost_without_source_month.pkl, platform=None, authentication=None, verbose=True)
2024-01-18 21:57:31,915:WARNING:
'cuml' is a soft dependency and not included in the pycaret installation. Please run: `pip install cuml` to install.
2024-01-18 21:57:31,915:WARNING:
'cuml' is a soft dependency and not included in the pycaret installation. Please run: `pip install cuml` to install.
2024-01-18 21:57:31,915:WARNING:
'cuml' is a soft dependency and not included in the pycaret installation. Please run: `pip install cuml` to install.
2024-01-18 21:57:31,915:WARNING:
'cuml' is a soft dependency and not included in the pycaret installation. Please run: `pip install cuml` to install.
2024-01-18 21:57:32,315:WARNING:
'prophet' is a soft dependency and not included in the pycaret installation. Please run: `pip install prophet` to install.
2024-01-18 21:57:45,394:WARNING:
'cuml' is a soft dependency and not included in the pycaret installation. Please run: `pip install cuml` to install.
2024-01-18 21:57:45,395:WARNING:
'cuml' is a soft dependency and not included in the pycaret installation. Please run: `pip install cuml` to install.
2024-01-18 21:57:45,395:WARNING:
'cuml' is a soft dependency and not included in the pycaret installation. Please run: `pip install cuml` to install.
2024-01-18 21:57:45,395:WARNING:
'cuml' is a soft dependency and not included in the pycaret installation. Please run: `pip install cuml` to install.
2024-01-18 21:57:45,691:WARNING:
'prophet' is a soft dependency and not included in the pycaret installation. Please run: `pip install prophet` to install.
2024-01-18 21:57:50,574:INFO:Initializing load_model()
2024-01-18 21:57:50,575:INFO:load_model(model_name=/Users/chiya/Downloads/Underwater-Waste-Detection-Using-YoloV8-And-Water-Quality-Assessment-main/models/Water_Potability/xgboost_without_source_month, platform=None, authentication=None, verbose=True)
2024-01-18 21:57:50,580:WARNING:/opt/homebrew/lib/python3.11/site-packages/sklearn/base.py:348: InconsistentVersionWarning: Trying to unpickle estimator SimpleImputer from version 1.2.2 when using version 1.3.2. This might lead to breaking code or invalid results. Use at your own risk. For more info please refer to:
https://scikit-learn.org/stable/model_persistence.html#security-maintainability-limitations
  warnings.warn(

2024-01-18 21:57:52,151:WARNING:/opt/homebrew/lib/python3.11/site-packages/pycaret/internal/pipeline.py:135: UserWarning: Version mismatch:
current: {'deps_info': {'pip': '23.3.2', 'setuptools': '68.2.2', 'pycaret': '3.0.0', 'IPython': '8.16.1', 'ipywidgets': '8.1.1', 'tqdm': '4.66.1', 'numpy': '1.24.4', 'pandas': '1.4.2', 'jinja2': '3.1.2', 'scipy': '1.11.4', 'joblib': '1.3.2', 'sklearn': '1.3.2', 'pyod': '1.1.2', 'imblearn': '0.11.0', 'category_encoders': '2.6.3', 'lightgbm': '4.2.0', 'numba': '0.58.1', 'requests': '2.31.0', 'matplotlib': '3.5.1', 'scikitplot': '0.3.7', 'yellowbrick': '1.5', 'plotly': '5.18.0', 'kaleido': '0.2.1', 'statsmodels': '0.14.1', 'sktime': '0.25.0', 'tbats': '1.1.3', 'pmdarima': '2.0.4', 'psutil': '5.9.5'}, 'python': {'version': '3.11.6', 'machine': 'arm64'}}
pickle: {'deps_info': {'pip': '23.0.1', 'setuptools': '67.7.2', 'pycaret': '3.0.0', 'IPython': '7.34.0', 'ipywidgets': '7.7.1', 'tqdm': '4.65.0', 'numpy': '1.22.4', 'pandas': '1.5.3', 'jinja2': '3.1.2', 'scipy': '1.10.1', 'joblib': '1.2.0', 'sklearn': '1.2.2', 'pyod': '1.0.9', 'imblearn': '0.10.1', 'category_encoders': '2.6.0', 'lightgbm': '3.3.5', 'numba': '0.56.4', 'requests': '2.27.1', 'matplotlib': '3.7.1', 'scikitplot': '0.3.7', 'yellowbrick': '1.5', 'plotly': '5.13.1', 'kaleido': '0.2.1', 'statsmodels': '0.13.5', 'sktime': '0.18.0', 'tbats': '1.1.3', 'pmdarima': '2.0.3', 'psutil': '5.9.5'}, 'python': {'version': '3.10.11', 'machine': 'x86_64'}}
  warnings.warn(

2024-01-20 17:01:35,447:WARNING:
'cuml' is a soft dependency and not included in the pycaret installation. Please run: `pip install cuml` to install.
2024-01-20 17:01:35,447:WARNING:
'cuml' is a soft dependency and not included in the pycaret installation. Please run: `pip install cuml` to install.
2024-01-20 17:01:35,447:WARNING:
'cuml' is a soft dependency and not included in the pycaret installation. Please run: `pip install cuml` to install.
2024-01-20 17:01:35,447:WARNING:
'cuml' is a soft dependency and not included in the pycaret installation. Please run: `pip install cuml` to install.
2024-01-20 17:01:36,730:WARNING:
'prophet' is a soft dependency and not included in the pycaret installation. Please run: `pip install prophet` to install.
2024-01-20 17:07:21,286:INFO:Initializing load_model()
2024-01-20 17:07:21,286:INFO:load_model(model_name=/Users/chiya/Downloads/Underwater-Waste-Detection-Using-YoloV8-And-Water-Quality-Assessment-main/models/Water_Potability/xgboost_without_source_month, platform=None, authentication=None, verbose=True)
2024-01-20 17:07:21,290:WARNING:/opt/homebrew/lib/python3.11/site-packages/sklearn/base.py:348: InconsistentVersionWarning: Trying to unpickle estimator SimpleImputer from version 1.2.2 when using version 1.3.2. This might lead to breaking code or invalid results. Use at your own risk. For more info please refer to:
https://scikit-learn.org/stable/model_persistence.html#security-maintainability-limitations
  warnings.warn(

2024-01-20 17:07:21,686:WARNING:/opt/homebrew/lib/python3.11/site-packages/pycaret/internal/pipeline.py:135: UserWarning: Version mismatch:
current: {'deps_info': {'pip': '23.3.2', 'setuptools': '68.2.2', 'pycaret': '3.0.0', 'IPython': '8.16.1', 'ipywidgets': '8.1.1', 'tqdm': '4.66.1', 'numpy': '1.24.4', 'pandas': '1.4.2', 'jinja2': '3.1.2', 'scipy': '1.11.4', 'joblib': '1.3.2', 'sklearn': '1.3.2', 'pyod': '1.1.2', 'imblearn': '0.11.0', 'category_encoders': '2.6.3', 'lightgbm': '4.2.0', 'numba': '0.58.1', 'requests': '2.31.0', 'matplotlib': '3.5.1', 'scikitplot': '0.3.7', 'yellowbrick': '1.5', 'plotly': '5.18.0', 'kaleido': '0.2.1', 'statsmodels': '0.14.1', 'sktime': '0.25.0', 'tbats': '1.1.3', 'pmdarima': '2.0.4', 'psutil': '5.9.5'}, 'python': {'version': '3.11.6', 'machine': 'arm64'}}
pickle: {'deps_info': {'pip': '23.0.1', 'setuptools': '67.7.2', 'pycaret': '3.0.0', 'IPython': '7.34.0', 'ipywidgets': '7.7.1', 'tqdm': '4.65.0', 'numpy': '1.22.4', 'pandas': '1.5.3', 'jinja2': '3.1.2', 'scipy': '1.10.1', 'joblib': '1.2.0', 'sklearn': '1.2.2', 'pyod': '1.0.9', 'imblearn': '0.10.1', 'category_encoders': '2.6.0', 'lightgbm': '3.3.5', 'numba': '0.56.4', 'requests': '2.27.1', 'matplotlib': '3.7.1', 'scikitplot': '0.3.7', 'yellowbrick': '1.5', 'plotly': '5.13.1', 'kaleido': '0.2.1', 'statsmodels': '0.13.5', 'sktime': '0.18.0', 'tbats': '1.1.3', 'pmdarima': '2.0.3', 'psutil': '5.9.5'}, 'python': {'version': '3.10.11', 'machine': 'x86_64'}}
  warnings.warn(

2024-01-20 17:09:58,188:INFO:Initializing load_model()
2024-01-20 17:09:58,189:INFO:load_model(model_name=/Users/chiya/Downloads/Underwater-Waste-Detection-Using-YoloV8-And-Water-Quality-Assessment-main/models/Water_Potability/xgboost_without_source_month, platform=None, authentication=None, verbose=True)
2024-01-20 17:09:58,191:WARNING:/opt/homebrew/lib/python3.11/site-packages/sklearn/base.py:348: InconsistentVersionWarning: Trying to unpickle estimator SimpleImputer from version 1.2.2 when using version 1.3.2. This might lead to breaking code or invalid results. Use at your own risk. For more info please refer to:
https://scikit-learn.org/stable/model_persistence.html#security-maintainability-limitations
  warnings.warn(

2024-01-20 17:09:58,197:WARNING:/opt/homebrew/lib/python3.11/site-packages/pycaret/internal/pipeline.py:135: UserWarning: Version mismatch:
current: {'deps_info': {'pip': '23.3.2', 'setuptools': '68.2.2', 'pycaret': '3.0.0', 'IPython': '8.16.1', 'ipywidgets': '8.1.1', 'tqdm': '4.66.1', 'numpy': '1.24.4', 'pandas': '1.4.2', 'jinja2': '3.1.2', 'scipy': '1.11.4', 'joblib': '1.3.2', 'sklearn': '1.3.2', 'pyod': '1.1.2', 'imblearn': '0.11.0', 'category_encoders': '2.6.3', 'lightgbm': '4.2.0', 'numba': '0.58.1', 'requests': '2.31.0', 'matplotlib': '3.5.1', 'scikitplot': '0.3.7', 'yellowbrick': '1.5', 'plotly': '5.18.0', 'kaleido': '0.2.1', 'statsmodels': '0.14.1', 'sktime': '0.25.0', 'tbats': '1.1.3', 'pmdarima': '2.0.4', 'psutil': '5.9.5'}, 'python': {'version': '3.11.6', 'machine': 'arm64'}}
pickle: {'deps_info': {'pip': '23.0.1', 'setuptools': '67.7.2', 'pycaret': '3.0.0', 'IPython': '7.34.0', 'ipywidgets': '7.7.1', 'tqdm': '4.65.0', 'numpy': '1.22.4', 'pandas': '1.5.3', 'jinja2': '3.1.2', 'scipy': '1.10.1', 'joblib': '1.2.0', 'sklearn': '1.2.2', 'pyod': '1.0.9', 'imblearn': '0.10.1', 'category_encoders': '2.6.0', 'lightgbm': '3.3.5', 'numba': '0.56.4', 'requests': '2.27.1', 'matplotlib': '3.7.1', 'scikitplot': '0.3.7', 'yellowbrick': '1.5', 'plotly': '5.13.1', 'kaleido': '0.2.1', 'statsmodels': '0.13.5', 'sktime': '0.18.0', 'tbats': '1.1.3', 'pmdarima': '2.0.3', 'psutil': '5.9.5'}, 'python': {'version': '3.10.11', 'machine': 'x86_64'}}
  warnings.warn(

